c:\users\angyreal\source\repos\nuovissmoprogetto\directx9engine\debug\vc142.pdb
c:\users\angyreal\source\repos\nuovissmoprogetto\directx9engine\debug\vc142.idb
c:\users\angyreal\source\repos\nuovissmoprogetto\directx9engine\debug\classsurface.nativecodeanalysis.sarif
c:\users\angyreal\source\repos\nuovissmoprogetto\directx9engine\debug\classsurface.nativecodeanalysis.xml
c:\users\angyreal\source\repos\nuovissmoprogetto\directx9engine\debug\main1.nativecodeanalysis.sarif
c:\users\angyreal\source\repos\nuovissmoprogetto\directx9engine\debug\main1.nativecodeanalysis.xml
c:\users\angyreal\source\repos\nuovissmoprogetto\directx9engine\debug\main1.obj
c:\users\angyreal\source\repos\nuovissmoprogetto\directx9engine\debug\classsurface.obj
c:\users\angyreal\source\repos\nuovissmoprogetto\directx9engine\debug\classgrafica.obj
c:\users\angyreal\source\repos\nuovissmoprogetto\debug\directx9engine.pdb
c:\users\angyreal\source\repos\nuovissmoprogetto\directx9engine\debug\directx9engine.tlog\cl.command.1.tlog
c:\users\angyreal\source\repos\nuovissmoprogetto\directx9engine\debug\directx9engine.tlog\cl.read.1.tlog
c:\users\angyreal\source\repos\nuovissmoprogetto\directx9engine\debug\directx9engine.tlog\cl.write.1.tlog
c:\users\angyreal\source\repos\nuovissmoprogetto\directx9engine\debug\directx9engine.tlog\link.2360-cvtres.read.1.tlog
c:\users\angyreal\source\repos\nuovissmoprogetto\directx9engine\debug\directx9engine.tlog\link.2360-cvtres.write.1.tlog
c:\users\angyreal\source\repos\nuovissmoprogetto\directx9engine\debug\directx9engine.tlog\link.2360-rc.read.1.tlog
c:\users\angyreal\source\repos\nuovissmoprogetto\directx9engine\debug\directx9engine.tlog\link.2360-rc.write.1.tlog
c:\users\angyreal\source\repos\nuovissmoprogetto\directx9engine\debug\directx9engine.tlog\link.2360.read.1.tlog
c:\users\angyreal\source\repos\nuovissmoprogetto\directx9engine\debug\directx9engine.tlog\link.2360.write.1.tlog
c:\users\angyreal\source\repos\nuovissmoprogetto\directx9engine\debug\directx9engine.tlog\link.command.1.tlog
c:\users\angyreal\source\repos\nuovissmoprogetto\directx9engine\debug\directx9engine.tlog\link.read.1.tlog
c:\users\angyreal\source\repos\nuovissmoprogetto\directx9engine\debug\directx9engine.tlog\link.write.1.tlog
